[Profiler] Starting analysis...
[Profiler] Target Project Directory: C:\proyectos_dev\UTM\solutions\c522d48a_0329_4264_85ac_58bd0c8c316c
[Profiler] ERROR: Input directory not found: C:\proyectos_dev\UTM\solutions\c522d48a_0329_4264_85ac_58bd0c8c316c\Drafting
[Profiler] Complete. Analyzed 0 files.
[Architect] Segmenting into Medallion Architecture (Bronze/Silver/Gold)...
[Architect] Solutions Directory: C:\proyectos_dev\UTM\solutions\c522d48a_0329_4264_85ac_58bd0c8c316c
[Architect] Ensuring Medallion folder structure (Bronze/Silver/Gold)...
[Architect] Generated: config.py
[Architect] Generated: utils.py
[Architect] Processing 0 source files for Medallion segmentation...
[Architect] Medallion structure created.
[Refactoring] Applying Spark Optimizations and Security Controls...
[Refactoring] Scanning generated files for optimization candidates...
[Refactoring] Optimized 0 files.
[OpsAuditor] Validating operational readiness and generating DevOps assets...
[OpsAuditor] Starting Operational Audit...
[OpsAuditor] ERROR: MISSING LAYER: BRONZE has no files.
[OpsAuditor] ERROR: MISSING LAYER: SILVER has no files.
[OpsAuditor] ERROR: MISSING LAYER: GOLD has no files.
[OpsAuditor] Generating Infrastructure-as-Code (IaC) manifests...
[OpsAuditor] Generating Operational Handbook (README_DEVOPS.md)...
[OpsAuditor] Audit Complete.
[OpsAuditor] Audit result: COMPLETED
[Refinement] Pipeline Complete.