--- Migration Started for base2 ---
[2026-01-22T15:56:14.570127] Starting Migration for base2
[2026-01-22T15:56:14.751971] Step 1: Librarian - Scanning Schema Context...
[2026-01-22T15:56:14.942320] Librarian: Found 0 tables.
[2026-01-22T15:56:15.050743] Step 2: Topology - Building Orchestration Plan...
[2026-01-22T15:56:15.160217] Topology: Generated DAG with 2 phases.
[2026-01-22T15:56:15.310998] Step 3: Execution - Generating & Auditing Code...
[2026-01-22T15:56:15.445363] Entering Phase: Bronze_Ingestion
[2026-01-22T15:56:15.549019] Processing: DimCategory.dtsx...
[2026-01-22T15:56:28.627247] Developer: Generated DimCategory.dtsx... APPROVED (Score: 100)
[2026-01-22T15:56:28.709513] Processing: DimCustomers.dtsx...
[2026-01-22T15:56:44.867149] Compliance: REJECTED DimCustomers.dtsx (Score: 70)
[2026-01-22T15:56:44.947687] Processing: DimEmployee.dtsx...
[2026-01-22T15:56:57.384119] Developer: Generated DimEmployee.dtsx... APPROVED (Score: 98)
[2026-01-22T15:56:57.471581] Processing: DimProduct.dtsx...
[2026-01-22T15:57:10.688219] Developer: Generated DimProduct.dtsx... APPROVED (Score: 100)
[2026-01-22T15:57:10.789995] Processing: DimShipper.dtsx...
[2026-01-22T15:57:22.925540] Developer: Generated DimShipper.dtsx... APPROVED (Score: 100)
[2026-01-22T15:57:23.031108] Processing: DimSupplier.dtsx...
[2026-01-22T15:57:38.738839] Developer: Generated DimSupplier.dtsx... APPROVED (Score: 100)
[2026-01-22T15:57:38.828423] Entering Phase: Gold_Delivery
[2026-01-22T15:57:38.930354] Processing: FactSales.dtsx...
[2026-01-22T15:57:53.022390] Compliance: REJECTED FactSales.dtsx (Score: 70)
[2026-01-22T15:57:53.106560] Migration Complete.
