--- Migration Started for base ---
[2026-01-20T07:41:28.220733] Starting Migration for base
[2026-01-20T07:41:28.678367] Step 1: Librarian - Scanning Schema Context...
[2026-01-20T07:41:28.681884] Librarian: Found 0 tables.
[2026-01-20T07:41:28.682300] Step 2: Topology - Building Orchestration Plan...
[2026-01-20T07:41:28.889357] Topology: Generated DAG with 2 phases.
[2026-01-20T07:41:28.889949] Step 3: Execution - Generating & Auditing Code...
[2026-01-20T07:41:28.890406] Entering Phase: Bronze_Ingestion
[2026-01-20T07:41:28.890702] Processing: DimCategory.dtsx...
[2026-01-20T07:41:43.776068] Developer: Generated DimCategory.dtsx... APPROVED (Score: 100)
[2026-01-20T07:41:43.776684] Processing: DimCustomers.dtsx...
[2026-01-20T07:42:00.000187] Developer: Generated DimCustomers.dtsx... APPROVED (Score: 100)
[2026-01-20T07:42:00.000737] Processing: DimEmployee.dtsx...
[2026-01-20T07:42:16.149992] Developer: Generated DimEmployee.dtsx... APPROVED (Score: 100)
[2026-01-20T07:42:16.150624] Processing: DimProduct.dtsx...
[2026-01-20T07:42:29.947409] Developer: Generated DimProduct.dtsx... APPROVED (Score: 100)
[2026-01-20T07:42:29.947962] Processing: DimShipper.dtsx...
[2026-01-20T07:42:44.139049] Developer: Generated DimShipper.dtsx... APPROVED (Score: 100)
[2026-01-20T07:42:44.139350] Limit Reached: Stopping after 5 packages.
[2026-01-20T07:42:44.139688] Entering Phase: Gold_Delivery
[2026-01-20T07:42:44.140035] Limit Reached: Stopping after 5 packages.
[2026-01-20T07:42:44.140331] Migration Complete.
