[Profiler] Target Project Directory: C:\proyectos_dev\UTM\solutions\base
[Profiler] Found 5 Python files in Drafting.
[Profiler] Analyzing file: DimCategory.py...
[Profiler]   > Detected PK candidates for DimCategory.py (DIMENSION): ['categoryid']
[Profiler] Analyzing file: DimCustomers.py...
[Profiler]   > Detected PK candidates for DimCustomers.py (DIMENSION): ['custid']
[Profiler] Analyzing file: DimEmployee.py...
[Profiler]   > Detected PK candidates for DimEmployee.py (DIMENSION): ['empid']
[Profiler] Analyzing file: DimProduct.py...
[Profiler]   > Detected PK candidates for DimProduct.py (DIMENSION): ['ProductID']
[Profiler] Analyzing file: DimShipper.py...
[Profiler]   > Detected PK candidates for DimShipper.py (DIMENSION): ['shipperid']
[Profiler] Profile metadata saved to C:\proyectos_dev\UTM\solutions\base\Refinement\profile_metadata.json
[Architect] Solutions Directory: C:\proyectos_dev\UTM\solutions\base
[Architect] Using Cartridge: PySparkCartridge
[Architect] Ensuring Medallion folder structure (Bronze/Silver/Gold)...
[Architect] Generated Scaffolding: config.py
[Architect] Generated Scaffolding: utils.py
[Architect] Processing 5 source files with .py extension...
[Refactoring] Scanning generated files for optimization candidates...
Pipeline failed: type object 'PersistenceService' has no attribute 'get_persistence'
Traceback (most recent call last):
  File "C:\proyectos_dev\UTM\apps\api\services\refinement\refinement_orchestrator.py", line 71, in start_pipeline
    refactor_out = await self.refactorer.refactor_project(project_id, architect_out, local_log)
                   ^^^^^^^^^^^^^^^^^^^^^^^^^^^^^^^^^^^^^^^^^^^^^^^^^^^^^^^^^^^^^^^^^^^^^^^^^^^^
  File "C:\proyectos_dev\UTM\apps\api\services\refinement\refactoring_service.py", line 32, in refactor_project
    db = PersistenceService.get_persistence()
         ^^^^^^^^^^^^^^^^^^^^^^^^^^^^^^^^^^
AttributeError: type object 'PersistenceService' has no attribute 'get_persistence'
