[Profiler] Target Project Directory: C:\proyectos_dev\UTM\solutions\base
[Profiler] Found 7 Python files in Drafting.
[Profiler] Analyzing file: DimCategory.py...
[Profiler]   > Detected PK candidates for DimCategory.py (DIMENSION): ['categoryid']
[Profiler] Analyzing file: DimCustomers.py...
[Profiler]   > Detected PK candidates for DimCustomers.py (DIMENSION): ['custid']
[Profiler] Analyzing file: DimEmployee.py...
[Profiler]   > Detected PK candidates for DimEmployee.py (DIMENSION): ['empid']
[Profiler] Analyzing file: DimProduct.py...
[Profiler]   > Detected PK candidates for DimProduct.py (DIMENSION): ['ProductID']
[Profiler] Analyzing file: DimShipper.py...
[Profiler]   > Detected PK candidates for DimShipper.py (DIMENSION): ['shipperid']
[Profiler] Analyzing file: DimSupplier.py...
[Profiler]   > Detected PK candidates for DimSupplier.py (DIMENSION): ['supplierid']
[Profiler] Analyzing file: FactSales.py...
[Profiler]   > Detected PK candidates for FactSales.py (FACT): ['orderid', 'productid']
[Profiler] Profile metadata saved to C:\proyectos_dev\UTM\solutions\base\Refinement\profile_metadata.json
[Architect] Solutions Directory: C:\proyectos_dev\UTM\solutions\base
[Architect] Using Cartridge: PySparkCartridge
[Architect] Ensuring Medallion folder structure (Bronze/Silver/Gold)...
[Architect] Generated Scaffolding: config.py
[Architect] Generated Scaffolding: utils.py
[Architect] Processing 7 source files with .py extension...
[Refactoring] Scanning generated files for optimization candidates...
[Refactoring] Target Stack: PYSPARK
[Refactoring] Optimizing BRONZE layer (7 files)...
[Refactoring]   > DimCategory_bronze.py: Added Optimization hint for pyspark
[Refactoring]   > DimCategory_bronze.py: Validated Security Scopes
[Refactoring]   > DimCategory_bronze.py: Validated Secret Scope usage
[Refactoring]   > DimCustomers_bronze.py: Added Optimization hint for pyspark
[Refactoring]   > DimCustomers_bronze.py: Validated Security Scopes
[Refactoring]   > DimCustomers_bronze.py: Validated Secret Scope usage
[Refactoring]   > DimEmployee_bronze.py: Added Optimization hint for pyspark
[Refactoring]   > DimEmployee_bronze.py: Validated Security Scopes
[Refactoring]   > DimEmployee_bronze.py: Validated Secret Scope usage
[Refactoring]   > DimProduct_bronze.py: Added Optimization hint for pyspark
[Refactoring]   > DimProduct_bronze.py: Validated Security Scopes
[Refactoring]   > DimProduct_bronze.py: Validated Secret Scope usage
[Refactoring]   > DimShipper_bronze.py: Added Optimization hint for pyspark
[Refactoring]   > DimShipper_bronze.py: Validated Security Scopes
[Refactoring]   > DimShipper_bronze.py: Validated Secret Scope usage
[Refactoring]   > DimSupplier_bronze.py: Added Optimization hint for pyspark
[Refactoring]   > DimSupplier_bronze.py: Validated Security Scopes
[Refactoring]   > DimSupplier_bronze.py: Validated Secret Scope usage
[Refactoring]   > FactSales_bronze.py: Added Optimization hint for pyspark
[Refactoring]   > FactSales_bronze.py: Validated Security Scopes
[Refactoring]   > FactSales_bronze.py: Validated Secret Scope usage
[Refactoring] Optimizing SILVER layer (7 files)...
[Refactoring]   > stg_DimCategory.py: Added Optimization hint for pyspark
[Refactoring]   > stg_DimCategory.py: Validated Security Scopes
[Refactoring]   > stg_DimCategory.py: Validated Secret Scope usage
[Refactoring]   > stg_DimCustomers.py: Added Optimization hint for pyspark
[Refactoring]   > stg_DimCustomers.py: Validated Security Scopes
[Refactoring]   > stg_DimCustomers.py: Validated Secret Scope usage
[Refactoring]   > stg_DimEmployee.py: Added Optimization hint for pyspark
[Refactoring]   > stg_DimEmployee.py: Validated Security Scopes
[Refactoring]   > stg_DimEmployee.py: Validated Secret Scope usage
[Refactoring]   > stg_DimProduct.py: Added Optimization hint for pyspark
[Refactoring]   > stg_DimProduct.py: Validated Security Scopes
[Refactoring]   > stg_DimProduct.py: Validated Secret Scope usage
[Refactoring]   > stg_DimShipper.py: Added Optimization hint for pyspark
[Refactoring]   > stg_DimShipper.py: Validated Security Scopes
[Refactoring]   > stg_DimShipper.py: Validated Secret Scope usage
[Refactoring]   > stg_DimSupplier.py: Added Optimization hint for pyspark
[Refactoring]   > stg_DimSupplier.py: Validated Security Scopes
[Refactoring]   > stg_DimSupplier.py: Validated Secret Scope usage
[Refactoring]   > stg_FactSales.py: Added Optimization hint for pyspark
[Refactoring]   > stg_FactSales.py: Validated Security Scopes
[Refactoring]   > stg_FactSales.py: Validated Secret Scope usage
[Refactoring] Optimizing GOLD layer (7 files)...
[Refactoring]   > dim_DimCategory.py: Added Optimization hint for pyspark
[Refactoring]   > dim_DimCategory.py: Validated Security Scopes
[Refactoring]   > dim_DimCategory.py: Validated Secret Scope usage
[Refactoring]   > dim_DimCustomers.py: Added Optimization hint for pyspark
[Refactoring]   > dim_DimCustomers.py: Validated Security Scopes
[Refactoring]   > dim_DimCustomers.py: Validated Secret Scope usage
[Refactoring]   > dim_DimEmployee.py: Added Optimization hint for pyspark
[Refactoring]   > dim_DimEmployee.py: Validated Security Scopes
[Refactoring]   > dim_DimEmployee.py: Validated Secret Scope usage
[Refactoring]   > dim_DimProduct.py: Added Optimization hint for pyspark
[Refactoring]   > dim_DimProduct.py: Validated Security Scopes
[Refactoring]   > dim_DimProduct.py: Validated Secret Scope usage
[Refactoring]   > dim_DimShipper.py: Added Optimization hint for pyspark
[Refactoring]   > dim_DimShipper.py: Validated Security Scopes
[Refactoring]   > dim_DimShipper.py: Validated Secret Scope usage
[Refactoring]   > dim_DimSupplier.py: Added Optimization hint for pyspark
[Refactoring]   > dim_DimSupplier.py: Validated Security Scopes
[Refactoring]   > dim_DimSupplier.py: Validated Secret Scope usage
[Refactoring]   > dim_FactSales.py: Added Optimization hint for pyspark
[Refactoring]   > dim_FactSales.py: Validated Security Scopes
[Refactoring]   > dim_FactSales.py: Validated Secret Scope usage
[OpsAuditor] Starting Operational Audit...
[OpsAuditor] OK: BRONZE layer contains 7 files.
[OpsAuditor] OK: SILVER layer contains 7 files.
[OpsAuditor] OK: GOLD layer contains 7 files.
[OpsAuditor] WARNING: COMPLIANCE WARNING: stg_DimCategory.py has MERGE logic but might use wrong keys. Expected: target.id = source.id
[OpsAuditor] WARNING: COMPLIANCE WARNING: stg_DimCustomers.py has MERGE logic but might use wrong keys. Expected: target.id = source.id
[OpsAuditor] WARNING: COMPLIANCE WARNING: stg_DimEmployee.py has MERGE logic but might use wrong keys. Expected: target.id = source.id
[OpsAuditor] WARNING: COMPLIANCE WARNING: stg_DimProduct.py has MERGE logic but might use wrong keys. Expected: target.id = source.id
[OpsAuditor] WARNING: COMPLIANCE WARNING: stg_DimShipper.py has MERGE logic but might use wrong keys. Expected: target.id = source.id
[OpsAuditor] WARNING: COMPLIANCE WARNING: stg_DimSupplier.py has MERGE logic but might use wrong keys. Expected: target.id = source.id
[OpsAuditor] WARNING: COMPLIANCE WARNING: stg_FactSales.py has MERGE logic but might use wrong keys. Expected: target.id = source.id
[OpsAuditor] Generating Infrastructure-as-Code (IaC) manifests...
[OpsAuditor] Generating Operational Handbook (README_DEVOPS.md)...
[OpsAuditor] Audit Complete.